    OpenRGB v0.9
    Commit:  from 
    Launched: 20250304_085628
====================================================================================================

0     |Info:    Found file: default.orp attempting to validate header
1     |Info:    Valid v4 profile found for default
1     |Info:    Found file: white_fusion.orp attempting to validate header
1     |Info:    Valid v4 profile found for white_fusion
1007  |Info:    ------------------------------------------------------
1007  |Info:    |               Start device detection               |
1007  |Info:    ------------------------------------------------------
1008  |Info:    Initializing HID interfaces: Success
1012  |Info:    ------------------------------------------------------
1012  |Info:    |             Detecting I2C interfaces               |
1012  |Info:    ------------------------------------------------------
1012  |Info:    Registering I2C interface: /dev/i2c-3 Device 0000:0000 Subsystem: 0000:0000
1013  |Info:    Registering I2C interface: /dev/i2c-1 Device 0000:0000 Subsystem: 0000:0000
1013  |Info:    Registering I2C interface: /dev/i2c-8 Device 10DE:2487 Subsystem: 1458:4073
1013  |Info:    Registering I2C interface: /dev/i2c-6 Device 10DE:2487 Subsystem: 1458:4073
1013  |Info:    Registering I2C interface: /dev/i2c-4 Device 10DE:2487 Subsystem: 1458:4073
1013  |Info:    Registering I2C interface: /dev/i2c-2 Device 0000:0000 Subsystem: 0000:0000
1013  |Info:    Registering I2C interface: /dev/i2c-0 Device 8086:7A23 Subsystem: 1043:8882
1013  |Info:    Registering I2C interface: /dev/i2c-7 Device 10DE:2487 Subsystem: 1458:4073
1013  |Info:    Registering I2C interface: /dev/i2c-5 Device 10DE:2487 Subsystem: 1458:4073
1013  |Info:    Registering I2C interface: /dev/i2c-MSFT8000:00 Device 0000:0000 Subsystem: 0000:0000
1013  |Info:    ------------------------------------------------------
1013  |Info:    |               Detecting I2C devices                |
1013  |Info:    ------------------------------------------------------
