    OpenRGB v0.9+ (1.0rc1)
    Commit:  from 
    Launched: 20250914_204256
====================================================================================================

1     |Info:    [ProfileManager] Found file: default.orp attempting to validate header
1     |Info:    [ProfileManager] Valid v5 profile found for default
1     |Info:    [ProfileManager] Found file: white_fusion.orp attempting to validate header
1     |Info:    [ProfileManager] Valid v5 profile found for white_fusion
61    |Info:    [ResourceManager] Initializing HID interfaces: Success
62    |Info:    ------------------------------------------------------
62    |Info:    |               Start device detection               |
62    |Info:    ------------------------------------------------------
64    |Info:    ------------------------------------------------------
64    |Info:    |             Detecting I2C interfaces               |
64    |Info:    ------------------------------------------------------
64    |Info:    [ResourceManager] Registering I2C interface: /dev/i2c-3 Device 0000:0000 Subsystem: 0000:0000
64    |Info:    [ResourceManager] Registering I2C interface: /dev/i2c-1 Device 0000:0000 Subsystem: 0000:0000
64    |Info:    [ResourceManager] Registering I2C interface: /dev/i2c-8 Device 10DE:2487 Subsystem: 1458:4073
64    |Info:    [ResourceManager] Registering I2C interface: /dev/i2c-6 Device 10DE:2487 Subsystem: 1458:4073
64    |Info:    [ResourceManager] Registering I2C interface: /dev/i2c-4 Device 10DE:2487 Subsystem: 1458:4073
64    |Info:    [ResourceManager] Registering I2C interface: /dev/i2c-2 Device 0000:0000 Subsystem: 0000:0000
64    |Info:    [ResourceManager] Registering I2C interface: /dev/i2c-0 Device 8086:7A23 Subsystem: 1043:8882
65    |Info:    [ResourceManager] Registering I2C interface: /dev/i2c-7 Device 10DE:2487 Subsystem: 1458:4073
65    |Info:    [ResourceManager] Registering I2C interface: /dev/i2c-5 Device 10DE:2487 Subsystem: 1458:4073
65    |Info:    [ResourceManager] Registering I2C interface: /dev/i2c-MSFT8000:00 Device 0000:0000 Subsystem: 0000:0000
65    |Info:    ------------------------------------------------------
65    |Info:    |               Detecting I2C devices                |
65    |Info:    ------------------------------------------------------
10532 |Info:    ------------------------------------------------------
10532 |Info:    |            Detecting I2C DIMM modules              |
10532 |Info:    ------------------------------------------------------
11865 |Info:    ------------------------------------------------------
11865 |Info:    |               Detecting I2C PCI devices            |
11865 |Info:    ------------------------------------------------------
11935 |Info:    [Gigabyte GeForce RTX 3060 Vision OC V3] Registering RGB controller
11977 |Info:    ------------------------------------------------------
11977 |Info:    |               Detecting HID devices                |
11977 |Info:    ------------------------------------------------------
12053 |Info:    [ASUS PRIME Z790-P] Registering RGB controller
12105 |Info:    [Logitech G915 Wireless RGB Mechanical Gaming Keyboard] Registering RGB controller
12156 |Info:    [Logitech G915 Wireless RGB Mechanical Gaming Keyboard (Wired)] Registering RGB controller
12157 |Info:    [Logitech G933 Lightsync Headset] Registering RGB controller
12157 |Info:    ------------------------------------------------------
12157 |Info:    |            Detecting libusb HID devices            |
12157 |Info:    ------------------------------------------------------
12175 |Info:    ------------------------------------------------------
12175 |Info:    |              Detecting other devices               |
12175 |Info:    ------------------------------------------------------
12193 |Info:    [ResourceManager] Calling Post-detection callbacks
12193 |Info:    ------------------------------------------------------
12193 |Info:    |                Detection completed                 |
12193 |Info:    ------------------------------------------------------
12193 |Dialog:  <h2>Some internal devices may not be detected:</h2><p>One or more I2C or SMBus interfaces failed to initialize.</p><p><b>RGB DRAM modules, some motherboards' onboard RGB lighting, and RGB Graphics Cards, will not be available in OpenRGB</b> without I2C or SMBus.</p><h4>How to fix this:</h4><p>On Linux, this is usually because the i2c-dev module is not loaded.</p><p>You must load the i2c-dev module along with the correct i2c driver for your motherboard. This is usually i2c-piix4 for AMD systems and i2c-i801 for Intel systems.</p><p>See <a href='https://help.openrgb.org/'>help.openrgb.org</a> for additional troubleshooting steps if you keep seeing this message.<br></p><h3>If you are not using internal RGB on a desktop this message is not important to you.</h3>
12193 |Info:    [ProfileManager] Profile loading: Succeeded for Gigabyte GeForce RTX 3060 Vision OC V3 @ I2C: /dev/i2c-4, address 0x63
12193 |Info:    [ProfileManager] Profile loading: Succeeded for ASUS PRIME Z790-P @ HID: /dev/hidraw1
12193 |Info:    [ProfileManager] Profile loading: Succeeded for Logitech G915 Wireless RGB Mechanical Gaming Keyboard @ 
12193 |Info:    [ProfileManager] Profile loading: Succeeded for Logitech G915 Wireless RGB Mechanical Gaming Keyboard (Wired) @ 
12193 |Info:    [ProfileManager] Profile loading: Succeeded for Logitech G933 Lightsync Headset @ HID: /dev/hidraw8
