    OpenRGB v0.9
    Commit:  from 
    Launched: 20250129_113114
====================================================================================================

0     |Info:    Found file: default.orp attempting to validate header
0     |Info:    Valid v4 profile found for default
1003  |Info:    ------------------------------------------------------
1003  |Info:    |               Start device detection               |
1003  |Info:    ------------------------------------------------------
1004  |Info:    Initializing HID interfaces: Success
1011  |Info:    ------------------------------------------------------
1011  |Info:    |             Detecting I2C interfaces               |
1011  |Info:    ------------------------------------------------------
1013  |Info:    Registering I2C interface: /dev/i2c-3 Device 0000:0000 Subsystem: 0000:0000
1013  |Info:    Registering I2C interface: /dev/i2c-1 Device 0000:0000 Subsystem: 0000:0000
1013  |Info:    Registering I2C interface: /dev/i2c-8 Device 10DE:2487 Subsystem: 1458:4073
1013  |Info:    Registering I2C interface: /dev/i2c-6 Device 10DE:2487 Subsystem: 1458:4073
1013  |Info:    Registering I2C interface: /dev/i2c-4 Device 10DE:2487 Subsystem: 1458:4073
1013  |Info:    Registering I2C interface: /dev/i2c-2 Device 0000:0000 Subsystem: 0000:0000
1013  |Info:    Registering I2C interface: /dev/i2c-0 Device 8086:7A23 Subsystem: 1043:8882
1013  |Info:    Registering I2C interface: /dev/i2c-7 Device 10DE:2487 Subsystem: 1458:4073
1013  |Info:    Registering I2C interface: /dev/i2c-5 Device 10DE:2487 Subsystem: 1458:4073
1013  |Info:    Registering I2C interface: /dev/i2c-MSFT8000:00 Device 0000:0000 Subsystem: 0000:0000
1013  |Info:    ------------------------------------------------------
1013  |Info:    |               Detecting I2C devices                |
1013  |Info:    ------------------------------------------------------
10302 |Info:    ------------------------------------------------------
10302 |Info:    |               Detecting I2C PCI devices            |
10302 |Info:    ------------------------------------------------------
10388 |Info:    [Gigabyte RTX3060 Vision OC 12G v3.0] Registering RGB controller
10431 |Info:    ------------------------------------------------------
10431 |Info:    |               Detecting HID devices                |
10431 |Info:    ------------------------------------------------------
10505 |Info:    [ASUS PRIME Z790-P] Registering RGB controller
10557 |Info:    [Logitech G915 Wireless RGB Mechanical Gaming Keyboard] Registering RGB controller
10557 |Info:    [Logitech G933 Lightsync Headset] Registering RGB controller
10944 |Info:    [G502 HERO Gaming Mouse] Registering RGB controller
10945 |Info:    ------------------------------------------------------
10945 |Info:    |            Detecting libusb HID devices            |
10945 |Info:    ------------------------------------------------------
10973 |Info:    ------------------------------------------------------
10974 |Info:    |              Detecting other devices               |
10974 |Info:    ------------------------------------------------------
10985 |Info:    ------------------------------------------------------
10985 |Info:    |                Detection completed                 |
10985 |Info:    ------------------------------------------------------
10985 |Dialog:  <h2>WARNING:</h2><p>One or more I2C/SMBus interfaces failed to initialize.</p><p>RGB DRAM modules and some motherboards' onboard RGB lighting will not be available without I2C/SMBus.</p><p>On Linux, this is usually because the i2c-dev module is not loaded.  You must load the i2c-dev module along with the correct i2c driver for your motherboard.  This is usually i2c-piix4 for AMD systems and i2c-i801 for Intel systems.</p><p>See <a href='https://help.openrgb.org/'>help.openrgb.org</a> for additional troubleshooting steps if you keep seeing this message.<br></p>
25207 |Info:    Found file: default.orp attempting to validate header
25207 |Info:    Valid v4 profile found for default
55243 |Info:    Found file: default.orp attempting to validate header
55243 |Info:    Valid v4 profile found for default
