    OpenRGB v0.9+ (1.0rc2)
    Commit:  from 
    Launched: 20251114_183258
====================================================================================================

0     |Info:    [ProfileManager] Found file: default.orp attempting to validate header
0     |Info:    [ProfileManager] Valid v5 profile found for default
0     |Info:    [ProfileManager] Found file: white_fusion.orp attempting to validate header
1     |Info:    [ProfileManager] Valid v5 profile found for white_fusion
64    |Info:    [ResourceManager] Initializing HID interfaces: Success
64    |Info:    ------------------------------------------------------
64    |Info:    |               Start device detection               |
64    |Info:    ------------------------------------------------------
67    |Info:    ------------------------------------------------------
67    |Info:    |             Detecting I2C interfaces               |
67    |Info:    ------------------------------------------------------
67    |Info:    [ResourceManager] Registering I2C interface: /dev/i2c-3 Device 8086:7A23 Subsystem: 1043:8882
67    |Info:    [ResourceManager] Registering I2C interface: /dev/i2c-1 Device 0000:0000 Subsystem: 0000:0000
67    |Info:    [ResourceManager] Registering I2C interface: /dev/i2c-8 Device 10DE:2487 Subsystem: 1458:4073
67    |Info:    [ResourceManager] Registering I2C interface: /dev/i2c-6 Device 10DE:2487 Subsystem: 1458:4073
67    |Info:    [ResourceManager] Registering I2C interface: /dev/i2c-4 Device 10DE:2487 Subsystem: 1458:4073
67    |Info:    [ResourceManager] Registering I2C interface: /dev/i2c-2 Device 0000:0000 Subsystem: 0000:0000
67    |Info:    [ResourceManager] Registering I2C interface: /dev/i2c-0 Device 0000:0000 Subsystem: 0000:0000
67    |Info:    [ResourceManager] Registering I2C interface: /dev/i2c-7 Device 10DE:2487 Subsystem: 1458:4073
67    |Info:    [ResourceManager] Registering I2C interface: /dev/i2c-5 Device 10DE:2487 Subsystem: 1458:4073
67    |Info:    [ResourceManager] Registering I2C interface: /dev/i2c-MSFT8000:00 Device 0000:0000 Subsystem: 0000:0000
67    |Info:    ------------------------------------------------------
67    |Info:    |               Detecting I2C devices                |
67    |Info:    ------------------------------------------------------
6586  |Info:    ------------------------------------------------------
6586  |Info:    |            Detecting I2C DIMM modules              |
6586  |Info:    ------------------------------------------------------
6596  |Info:    [ResourceManager] Detected occupied slot 2, bus 0, type óú‹‡,
6596  |Info:    [ResourceManager] Detected occupied slot 4, bus 0, type óú‹‡,
6596  |Info:    ------------------------------------------------------
6596  |Info:    |               Detecting I2C PCI devices            |
6596  |Info:    ------------------------------------------------------
6802  |Info:    [Gigabyte GeForce RTX 3060 Vision OC V3] Registering RGB controller
6843  |Info:    ------------------------------------------------------
6843  |Info:    |               Detecting HID devices                |
6843  |Info:    ------------------------------------------------------
6897  |Info:    [Logitech G915 Wireless RGB Mechanical Gaming Keyboard] Registering RGB controller
6897  |Info:    [Logitech G933 Lightsync Headset] Registering RGB controller
6974  |Info:    [ASUS PRIME Z790-P] Registering RGB controller
6974  |Info:    ------------------------------------------------------
6974  |Info:    |            Detecting libusb HID devices            |
6974  |Info:    ------------------------------------------------------
7002  |Info:    ------------------------------------------------------
7002  |Info:    |              Detecting other devices               |
7002  |Info:    ------------------------------------------------------
7019  |Info:    [ResourceManager] Calling Post-detection callbacks
7019  |Info:    ------------------------------------------------------
7019  |Info:    |                Detection completed                 |
7019  |Info:    ------------------------------------------------------
7019  |Dialog:  <h2>Some internal devices may not be detected:</h2><p>One or more I2C or SMBus interfaces failed to initialize.</p><p><b>RGB DRAM modules, some motherboards' onboard RGB lighting, and RGB Graphics Cards, will not be available in OpenRGB</b> without I2C or SMBus.</p><h4>How to fix this:</h4><p>On Linux, this is usually because the i2c-dev module is not loaded.</p><p>You must load the i2c-dev module along with the correct i2c driver for your motherboard. This is usually i2c-piix4 for AMD systems and i2c-i801 for Intel systems.</p><p>See <a href='https://help.openrgb.org/'>help.openrgb.org</a> for additional troubleshooting steps if you keep seeing this message.<br></p><h3>If you are not using internal RGB on a desktop this message is not important to you.</h3>
7020  |Info:    [ProfileManager] Profile loading: Succeeded for Gigabyte GeForce RTX 3060 Vision OC V3 @ I2C: /dev/i2c-4, address 0x63
7020  |Info:    [ProfileManager] Profile loading: Succeeded for Logitech G915 Wireless RGB Mechanical Gaming Keyboard @ 
7020  |Info:    [ProfileManager] Profile loading: Succeeded for Logitech G933 Lightsync Headset @ HID: /dev/hidraw4
7020  |Info:    [ProfileManager] Profile loading: Succeeded for ASUS PRIME Z790-P @ HID: /dev/hidraw0
