    OpenRGB v0.9+ (1.0rc1)
    Commit:  from 
    Launched: 20250803_131036
====================================================================================================

0     |Info:    [ProfileManager] Found file: default.orp attempting to validate header
1     |Info:    [ProfileManager] Valid v4 profile found for default
1     |Info:    [ProfileManager] Found file: white_fusion.orp attempting to validate header
1     |Info:    [ProfileManager] Valid v4 profile found for white_fusion
59    |Info:    [ResourceManager] Initializing HID interfaces: Success
59    |Info:    ------------------------------------------------------
59    |Info:    |               Start device detection               |
59    |Info:    ------------------------------------------------------
64    |Info:    ------------------------------------------------------
64    |Info:    |             Detecting I2C interfaces               |
64    |Info:    ------------------------------------------------------
64    |Info:    [ResourceManager] Registering I2C interface: /dev/i2c-3 Device 0000:0000 Subsystem: 0000:0000
64    |Info:    [ResourceManager] Registering I2C interface: /dev/i2c-1 Device 0000:0000 Subsystem: 0000:0000
64    |Info:    [ResourceManager] Registering I2C interface: /dev/i2c-8 Device 10DE:2487 Subsystem: 1458:4073
65    |Info:    [ResourceManager] Registering I2C interface: /dev/i2c-6 Device 10DE:2487 Subsystem: 1458:4073
65    |Info:    [ResourceManager] Registering I2C interface: /dev/i2c-4 Device 10DE:2487 Subsystem: 1458:4073
65    |Info:    [ResourceManager] Registering I2C interface: /dev/i2c-2 Device 0000:0000 Subsystem: 0000:0000
65    |Info:    [ResourceManager] Registering I2C interface: /dev/i2c-0 Device 8086:7A23 Subsystem: 1043:8882
65    |Info:    [ResourceManager] Registering I2C interface: /dev/i2c-7 Device 10DE:2487 Subsystem: 1458:4073
65    |Info:    [ResourceManager] Registering I2C interface: /dev/i2c-5 Device 10DE:2487 Subsystem: 1458:4073
65    |Info:    [ResourceManager] Registering I2C interface: /dev/i2c-MSFT8000:00 Device 0000:0000 Subsystem: 0000:0000
65    |Info:    ------------------------------------------------------
65    |Info:    |               Detecting I2C devices                |
65    |Info:    ------------------------------------------------------
6556  |Info:    ------------------------------------------------------
6556  |Info:    |            Detecting I2C DIMM modules              |
6556  |Info:    ------------------------------------------------------
6564  |Info:    [ResourceManager] Detected occupied slot 2, bus 6, type (null)
6565  |Info:    [ResourceManager] Detected occupied slot 4, bus 6, type (null)
6565  |Info:    ------------------------------------------------------
6565  |Info:    |               Detecting I2C PCI devices            |
6565  |Info:    ------------------------------------------------------
6623  |Info:    [Gigabyte GeForce RTX 3060 Vision OC V3] Registering RGB controller
6666  |Info:    ------------------------------------------------------
6666  |Info:    |               Detecting HID devices                |
6666  |Info:    ------------------------------------------------------
6739  |Info:    [ASUS PRIME Z790-P] Registering RGB controller
6790  |Info:    [Logitech G915 Wireless RGB Mechanical Gaming Keyboard] Registering RGB controller
6790  |Info:    [Logitech G933 Lightsync Headset] Registering RGB controller
7177  |Info:    [G502 HERO Gaming Mouse] Registering RGB controller
7177  |Info:    ------------------------------------------------------
7177  |Info:    |            Detecting libusb HID devices            |
7177  |Info:    ------------------------------------------------------
7194  |Info:    ------------------------------------------------------
7194  |Info:    |              Detecting other devices               |
7194  |Info:    ------------------------------------------------------
7200  |Info:    [ResourceManager] Calling Post-detection callbacks
7200  |Info:    ------------------------------------------------------
7200  |Info:    |                Detection completed                 |
7200  |Info:    ------------------------------------------------------
7200  |Dialog:  <h2>Some internal devices may not be detected:</h2><p>One or more I2C or SMBus interfaces failed to initialize.</p><p><b>RGB DRAM modules, some motherboards' onboard RGB lighting, and RGB Graphics Cards, will not be available in OpenRGB</b> without I2C or SMBus.</p><h4>How to fix this:</h4><p>On Linux, this is usually because the i2c-dev module is not loaded.</p><p>You must load the i2c-dev module along with the correct i2c driver for your motherboard. This is usually i2c-piix4 for AMD systems and i2c-i801 for Intel systems.</p><p>See <a href='https://help.openrgb.org/'>help.openrgb.org</a> for additional troubleshooting steps if you keep seeing this message.<br></p><h3>If you are not using internal RGB on a desktop this message is not important to you.</h3>
7200  |Info:    [ProfileManager] Profile loading: FAILED! for Gigabyte GeForce RTX 3060 Vision OC V3 @ I2C: /dev/i2c-4, address 0x63
7200  |Info:    [ProfileManager] Profile loading: FAILED! for ASUS PRIME Z790-P @ HID: /dev/hidraw1
7200  |Info:    [ProfileManager] Profile loading: Succeeded for Logitech G915 Wireless RGB Mechanical Gaming Keyboard @ 
7200  |Info:    [ProfileManager] Profile loading: Succeeded for Logitech G933 Lightsync Headset @ HID: /dev/hidraw5
7200  |Info:    [ProfileManager] Profile loading: Succeeded for G502 HERO Gaming Mouse @ HID: /dev/hidraw7 (Receiver) 
Wireless Index: 255
