    OpenRGB v0.9+ (1.0rc2)
    Commit:  from 
    Launched: 20251125_220450
====================================================================================================

0     |Info:    [ProfileManager] Found file: default.orp attempting to validate header
0     |Info:    [ProfileManager] Valid v5 profile found for default
0     |Info:    [ProfileManager] Found file: white_fusion.orp attempting to validate header
1     |Info:    [ProfileManager] Valid v5 profile found for white_fusion
64    |Info:    [ResourceManager] Initializing HID interfaces: Success
64    |Info:    ------------------------------------------------------
64    |Info:    |               Start device detection               |
64    |Info:    ------------------------------------------------------
68    |Info:    ------------------------------------------------------
68    |Info:    |             Detecting I2C interfaces               |
68    |Info:    ------------------------------------------------------
68    |Info:    [ResourceManager] Registering I2C interface: /dev/i2c-3 Device 8086:7A23 Subsystem: 1043:8882
68    |Info:    [ResourceManager] Registering I2C interface: /dev/i2c-1 Device 0000:0000 Subsystem: 0000:0000
68    |Info:    [ResourceManager] Registering I2C interface: /dev/i2c-8 Device 10DE:2487 Subsystem: 1458:4073
68    |Info:    [ResourceManager] Registering I2C interface: /dev/i2c-6 Device 10DE:2487 Subsystem: 1458:4073
68    |Info:    [ResourceManager] Registering I2C interface: /dev/i2c-4 Device 10DE:2487 Subsystem: 1458:4073
68    |Info:    [ResourceManager] Registering I2C interface: /dev/i2c-2 Device 0000:0000 Subsystem: 0000:0000
68    |Info:    [ResourceManager] Registering I2C interface: /dev/i2c-0 Device 0000:0000 Subsystem: 0000:0000
68    |Info:    [ResourceManager] Registering I2C interface: /dev/i2c-7 Device 10DE:2487 Subsystem: 1458:4073
68    |Info:    [ResourceManager] Registering I2C interface: /dev/i2c-5 Device 10DE:2487 Subsystem: 1458:4073
68    |Info:    [ResourceManager] Registering I2C interface: /dev/i2c-MSFT8000:00 Device 0000:0000 Subsystem: 0000:0000
68    |Info:    ------------------------------------------------------
68    |Info:    |               Detecting I2C devices                |
68    |Info:    ------------------------------------------------------
6593  |Info:    ------------------------------------------------------
6593  |Info:    |            Detecting I2C DIMM modules              |
6593  |Info:    ------------------------------------------------------
6601  |Info:    [ResourceManager] Detected occupied slot 2, bus 0, type Key: Page Up
6602  |Info:    [ResourceManager] Detected occupied slot 4, bus 0, type Key: Page Up
6602  |Info:    ------------------------------------------------------
6602  |Info:    |               Detecting I2C PCI devices            |
6602  |Info:    ------------------------------------------------------
6809  |Info:    [Gigabyte GeForce RTX 3060 Vision OC V3] Registering RGB controller
6851  |Info:    ------------------------------------------------------
6851  |Info:    |               Detecting HID devices                |
6851  |Info:    ------------------------------------------------------
6903  |Info:    [Logitech G915 Wireless RGB Mechanical Gaming Keyboard] Registering RGB controller
6977  |Info:    [ASUS PRIME Z790-P] Registering RGB controller
6978  |Info:    ------------------------------------------------------
6978  |Info:    |            Detecting libusb HID devices            |
6978  |Info:    ------------------------------------------------------
6990  |Info:    ------------------------------------------------------
6990  |Info:    |              Detecting other devices               |
6990  |Info:    ------------------------------------------------------
7004  |Info:    [ResourceManager] Calling Post-detection callbacks
7004  |Info:    ------------------------------------------------------
7004  |Info:    |                Detection completed                 |
7004  |Info:    ------------------------------------------------------
7004  |Dialog:  <h2>Some internal devices may not be detected:</h2><p>One or more I2C or SMBus interfaces failed to initialize.</p><p><b>RGB DRAM modules, some motherboards' onboard RGB lighting, and RGB Graphics Cards, will not be available in OpenRGB</b> without I2C or SMBus.</p><h4>How to fix this:</h4><p>On Linux, this is usually because the i2c-dev module is not loaded.</p><p>You must load the i2c-dev module along with the correct i2c driver for your motherboard. This is usually i2c-piix4 for AMD systems and i2c-i801 for Intel systems.</p><p>See <a href='https://help.openrgb.org/'>help.openrgb.org</a> for additional troubleshooting steps if you keep seeing this message.<br></p><h3>If you are not using internal RGB on a desktop this message is not important to you.</h3>
7004  |Info:    [ProfileManager] Profile loading: Succeeded for Gigabyte GeForce RTX 3060 Vision OC V3 @ I2C: /dev/i2c-4, address 0x63
7004  |Info:    [ProfileManager] Profile loading: Succeeded for Logitech G915 Wireless RGB Mechanical Gaming Keyboard @ 
7004  |Info:    [ProfileManager] Profile loading: Succeeded for ASUS PRIME Z790-P @ HID: /dev/hidraw1
