    OpenRGB v0.9+ (1.0rc1)
    Commit:  from 
    Launched: 20250827_195522
====================================================================================================

0     |Info:    [ProfileManager] Found file: default.orp attempting to validate header
0     |Info:    [ProfileManager] Valid v5 profile found for default
0     |Info:    [ProfileManager] Found file: white_fusion.orp attempting to validate header
0     |Info:    [ProfileManager] Valid v5 profile found for white_fusion
58    |Info:    [ResourceManager] Initializing HID interfaces: Success
59    |Info:    ------------------------------------------------------
60    |Info:    |               Start device detection               |
60    |Info:    ------------------------------------------------------
61    |Info:    ------------------------------------------------------
61    |Info:    |             Detecting I2C interfaces               |
61    |Info:    ------------------------------------------------------
61    |Info:    [ResourceManager] Registering I2C interface: /dev/i2c-3 Device 0000:0000 Subsystem: 0000:0000
61    |Info:    [ResourceManager] Registering I2C interface: /dev/i2c-1 Device 0000:0000 Subsystem: 0000:0000
62    |Info:    [ResourceManager] Registering I2C interface: /dev/i2c-8 Device 10DE:2487 Subsystem: 1458:4073
62    |Info:    [ResourceManager] Registering I2C interface: /dev/i2c-6 Device 10DE:2487 Subsystem: 1458:4073
62    |Info:    [ResourceManager] Registering I2C interface: /dev/i2c-4 Device 10DE:2487 Subsystem: 1458:4073
62    |Info:    [ResourceManager] Registering I2C interface: /dev/i2c-2 Device 0000:0000 Subsystem: 0000:0000
62    |Info:    [ResourceManager] Registering I2C interface: /dev/i2c-0 Device 8086:7A23 Subsystem: 1043:8882
62    |Info:    [ResourceManager] Registering I2C interface: /dev/i2c-7 Device 10DE:2487 Subsystem: 1458:4073
62    |Info:    [ResourceManager] Registering I2C interface: /dev/i2c-5 Device 10DE:2487 Subsystem: 1458:4073
62    |Info:    [ResourceManager] Registering I2C interface: /dev/i2c-MSFT8000:00 Device 0000:0000 Subsystem: 0000:0000
62    |Info:    ------------------------------------------------------
62    |Info:    |               Detecting I2C devices                |
62    |Info:    ------------------------------------------------------
6574  |Info:    ------------------------------------------------------
6574  |Info:    |            Detecting I2C DIMM modules              |
6574  |Info:    ------------------------------------------------------
6582  |Info:    [ResourceManager] Detected occupied slot 2, bus 6, type óúU‰ÒH‰åSH‰ûHƒìH‹Ž0
6583  |Info:    [ResourceManager] Detected occupied slot 4, bus 6, type Reserved
6602  |Info:    ------------------------------------------------------
6602  |Info:    |               Detecting I2C PCI devices            |
6602  |Info:    ------------------------------------------------------
6659  |Info:    [Gigabyte GeForce RTX 3060 Vision OC V3] Registering RGB controller
6701  |Info:    ------------------------------------------------------
6701  |Info:    |               Detecting HID devices                |
6701  |Info:    ------------------------------------------------------
6777  |Info:    [ASUS PRIME Z790-P] Registering RGB controller
6829  |Info:    [Logitech G915 Wireless RGB Mechanical Gaming Keyboard] Registering RGB controller
6829  |Info:    [Logitech G933 Lightsync Headset] Registering RGB controller
6830  |Info:    ------------------------------------------------------
6830  |Info:    |            Detecting libusb HID devices            |
6830  |Info:    ------------------------------------------------------
6849  |Info:    ------------------------------------------------------
6849  |Info:    |              Detecting other devices               |
6849  |Info:    ------------------------------------------------------
6863  |Info:    [ResourceManager] Calling Post-detection callbacks
6863  |Info:    ------------------------------------------------------
6863  |Info:    |                Detection completed                 |
6863  |Info:    ------------------------------------------------------
6863  |Dialog:  <h2>Some internal devices may not be detected:</h2><p>One or more I2C or SMBus interfaces failed to initialize.</p><p><b>RGB DRAM modules, some motherboards' onboard RGB lighting, and RGB Graphics Cards, will not be available in OpenRGB</b> without I2C or SMBus.</p><h4>How to fix this:</h4><p>On Linux, this is usually because the i2c-dev module is not loaded.</p><p>You must load the i2c-dev module along with the correct i2c driver for your motherboard. This is usually i2c-piix4 for AMD systems and i2c-i801 for Intel systems.</p><p>See <a href='https://help.openrgb.org/'>help.openrgb.org</a> for additional troubleshooting steps if you keep seeing this message.<br></p><h3>If you are not using internal RGB on a desktop this message is not important to you.</h3>
6864  |Info:    [ProfileManager] Profile loading: Succeeded for Gigabyte GeForce RTX 3060 Vision OC V3 @ I2C: /dev/i2c-4, address 0x63
6864  |Info:    [ProfileManager] Profile loading: Succeeded for ASUS PRIME Z790-P @ HID: /dev/hidraw0
6864  |Info:    [ProfileManager] Profile loading: Succeeded for Logitech G915 Wireless RGB Mechanical Gaming Keyboard @ 
6864  |Info:    [ProfileManager] Profile loading: Succeeded for Logitech G933 Lightsync Headset @ HID: /dev/hidraw5
