    OpenRGB v0.9
    Commit:  from 
    Launched: 20250317_100608
====================================================================================================

0     |Info:    Found file: default.orp attempting to validate header
0     |Info:    Valid v4 profile found for default
0     |Info:    Found file: white_fusion.orp attempting to validate header
1     |Info:    Valid v4 profile found for white_fusion
1007  |Info:    ------------------------------------------------------
1007  |Info:    |               Start device detection               |
1007  |Info:    ------------------------------------------------------
1007  |Info:    Initializing HID interfaces: Success
1011  |Info:    ------------------------------------------------------
1011  |Info:    |             Detecting I2C interfaces               |
1011  |Info:    ------------------------------------------------------
1011  |Info:    Registering I2C interface: /dev/i2c-3 Device 0000:0000 Subsystem: 0000:0000
1011  |Info:    Registering I2C interface: /dev/i2c-1 Device 0000:0000 Subsystem: 0000:0000
1011  |Info:    Registering I2C interface: /dev/i2c-8 Device 10DE:2487 Subsystem: 1458:4073
1011  |Info:    Registering I2C interface: /dev/i2c-6 Device 10DE:2487 Subsystem: 1458:4073
1011  |Info:    Registering I2C interface: /dev/i2c-4 Device 10DE:2487 Subsystem: 1458:4073
1011  |Info:    Registering I2C interface: /dev/i2c-2 Device 0000:0000 Subsystem: 0000:0000
1011  |Info:    Registering I2C interface: /dev/i2c-0 Device 8086:7A23 Subsystem: 1043:8882
1011  |Info:    Registering I2C interface: /dev/i2c-7 Device 10DE:2487 Subsystem: 1458:4073
1011  |Info:    Registering I2C interface: /dev/i2c-5 Device 10DE:2487 Subsystem: 1458:4073
1011  |Info:    Registering I2C interface: /dev/i2c-MSFT8000:00 Device 0000:0000 Subsystem: 0000:0000
1011  |Info:    ------------------------------------------------------
1011  |Info:    |               Detecting I2C devices                |
1011  |Info:    ------------------------------------------------------
7549  |Info:    ------------------------------------------------------
7549  |Info:    |               Detecting I2C PCI devices            |
7549  |Info:    ------------------------------------------------------
7624  |Info:    [Gigabyte RTX3060 Vision OC 12G v3.0] Registering RGB controller
7668  |Info:    ------------------------------------------------------
7668  |Info:    |               Detecting HID devices                |
7668  |Info:    ------------------------------------------------------
7753  |Info:    [ASUS PRIME Z790-P] Registering RGB controller
7804  |Info:    [Logitech G915 Wireless RGB Mechanical Gaming Keyboard] Registering RGB controller
7857  |Info:    [Logitech G915 Wireless RGB Mechanical Gaming Keyboard (Wired)] Registering RGB controller
8244  |Info:    [G502 HERO Gaming Mouse] Registering RGB controller
8244  |Info:    ------------------------------------------------------
8244  |Info:    |            Detecting libusb HID devices            |
8244  |Info:    ------------------------------------------------------
8281  |Info:    ------------------------------------------------------
8281  |Info:    |              Detecting other devices               |
8281  |Info:    ------------------------------------------------------
8294  |Info:    ------------------------------------------------------
8294  |Info:    |                Detection completed                 |
8294  |Info:    ------------------------------------------------------
8294  |Dialog:  <h2>WARNING:</h2><p>One or more I2C/SMBus interfaces failed to initialize.</p><p>RGB DRAM modules and some motherboards' onboard RGB lighting will not be available without I2C/SMBus.</p><p>On Linux, this is usually because the i2c-dev module is not loaded.  You must load the i2c-dev module along with the correct i2c driver for your motherboard.  This is usually i2c-piix4 for AMD systems and i2c-i801 for Intel systems.</p><p>See <a href='https://help.openrgb.org/'>help.openrgb.org</a> for additional troubleshooting steps if you keep seeing this message.<br></p>
8294  |Info:    Profile loading: Succeeded for Gigabyte RTX3060 Vision OC 12G v3.0 @ I2C: /dev/i2c-4, address 0x63
8294  |Info:    Profile loading: Succeeded for ASUS PRIME Z790-P @ HID: /dev/hidraw1
8294  |Info:    Profile loading: Succeeded for Logitech G915 Wireless RGB Mechanical Gaming Keyboard @ 
8294  |Info:    Profile loading: FAILED! for Logitech G915 Wireless RGB Mechanical Gaming Keyboard (Wired) @ 
8294  |Info:    Profile loading: Succeeded for G502 HERO Gaming Mouse @ HID: /dev/hidraw7 (Receiver) 
Wireless Index: 255
