    OpenRGB v0.9+ (1.0rc1)
    Commit:  from 
    Launched: 20250820_195643
====================================================================================================

0     |Info:    [ProfileManager] Found file: default.orp attempting to validate header
0     |Info:    [ProfileManager] Valid v4 profile found for default
0     |Info:    [ProfileManager] Found file: white_fusion.orp attempting to validate header
0     |Info:    [ProfileManager] Valid v4 profile found for white_fusion
52    |Info:    [ResourceManager] Initializing HID interfaces: Success
52    |Info:    ------------------------------------------------------
52    |Info:    |               Start device detection               |
52    |Info:    ------------------------------------------------------
56    |Info:    ------------------------------------------------------
56    |Info:    |             Detecting I2C interfaces               |
56    |Info:    ------------------------------------------------------
56    |Info:    [ResourceManager] Registering I2C interface: /dev/i2c-3 Device 8086:7A23 Subsystem: 1043:8882
56    |Info:    [ResourceManager] Registering I2C interface: /dev/i2c-1 Device 0000:0000 Subsystem: 0000:0000
56    |Info:    [ResourceManager] Registering I2C interface: /dev/i2c-8 Device 10DE:2487 Subsystem: 1458:4073
56    |Info:    [ResourceManager] Registering I2C interface: /dev/i2c-6 Device 10DE:2487 Subsystem: 1458:4073
56    |Info:    [ResourceManager] Registering I2C interface: /dev/i2c-4 Device 10DE:2487 Subsystem: 1458:4073
56    |Info:    [ResourceManager] Registering I2C interface: /dev/i2c-2 Device 0000:0000 Subsystem: 0000:0000
56    |Info:    [ResourceManager] Registering I2C interface: /dev/i2c-0 Device 0000:0000 Subsystem: 0000:0000
56    |Info:    [ResourceManager] Registering I2C interface: /dev/i2c-7 Device 10DE:2487 Subsystem: 1458:4073
56    |Info:    [ResourceManager] Registering I2C interface: /dev/i2c-5 Device 10DE:2487 Subsystem: 1458:4073
56    |Info:    [ResourceManager] Registering I2C interface: /dev/i2c-MSFT8000:00 Device 0000:0000 Subsystem: 0000:0000
56    |Info:    ------------------------------------------------------
56    |Info:    |               Detecting I2C devices                |
56    |Info:    ------------------------------------------------------
10515 |Info:    ------------------------------------------------------
10515 |Info:    |            Detecting I2C DIMM modules              |
10515 |Info:    ------------------------------------------------------
11847 |Info:    ------------------------------------------------------
11847 |Info:    |               Detecting I2C PCI devices            |
11847 |Info:    ------------------------------------------------------
11921 |Info:    [Gigabyte GeForce RTX 3060 Vision OC V3] Registering RGB controller
11972 |Info:    ------------------------------------------------------
11972 |Info:    |               Detecting HID devices                |
11972 |Info:    ------------------------------------------------------
11994 |Info:    [ASUS PRIME Z790-P] Registering RGB controller
11994 |Info:    [Logitech G915 Wireless RGB Mechanical Gaming Keyboard] Registering RGB controller
11995 |Info:    [Logitech G915 Wireless RGB Mechanical Gaming Keyboard (Wired)] Registering RGB controller
11995 |Info:    [Logitech G933 Lightsync Headset] Registering RGB controller
12383 |Info:    [G502 HERO Gaming Mouse] Registering RGB controller
12383 |Info:    ------------------------------------------------------
12383 |Info:    |            Detecting libusb HID devices            |
12383 |Info:    ------------------------------------------------------
12415 |Info:    ------------------------------------------------------
12415 |Info:    |              Detecting other devices               |
12415 |Info:    ------------------------------------------------------
12427 |Info:    [ResourceManager] Calling Post-detection callbacks
12427 |Info:    ------------------------------------------------------
12427 |Info:    |                Detection completed                 |
12427 |Info:    ------------------------------------------------------
12427 |Dialog:  <h2>Some internal devices may not be detected:</h2><p>One or more I2C or SMBus interfaces failed to initialize.</p><p><b>RGB DRAM modules, some motherboards' onboard RGB lighting, and RGB Graphics Cards, will not be available in OpenRGB</b> without I2C or SMBus.</p><h4>How to fix this:</h4><p>On Linux, this is usually because the i2c-dev module is not loaded.</p><p>You must load the i2c-dev module along with the correct i2c driver for your motherboard. This is usually i2c-piix4 for AMD systems and i2c-i801 for Intel systems.</p><p>See <a href='https://help.openrgb.org/'>help.openrgb.org</a> for additional troubleshooting steps if you keep seeing this message.<br></p><h3>If you are not using internal RGB on a desktop this message is not important to you.</h3>
95143 |Info:    [ProfileManager] Found file: default.orp attempting to validate header
95143 |Info:    [ProfileManager] Valid v5 profile found for default
95143 |Info:    [ProfileManager] Found file: white_fusion.orp attempting to validate header
95143 |Info:    [ProfileManager] Valid v4 profile found for white_fusion
99798 |Info:    [ProfileManager] Profile loading: FAILED! for Gigabyte GeForce RTX 3060 Vision OC V3 @ I2C: /dev/i2c-4, address 0x63
99798 |Info:    [ProfileManager] Profile loading: FAILED! for ASUS PRIME Z790-P @ HID: /dev/hidraw0
99798 |Info:    [ProfileManager] Profile loading: Succeeded for Logitech G915 Wireless RGB Mechanical Gaming Keyboard @ 
99798 |Info:    [ProfileManager] Profile loading: FAILED! for Logitech G915 Wireless RGB Mechanical Gaming Keyboard (Wired) @ 
99798 |Info:    [ProfileManager] Profile loading: Succeeded for Logitech G933 Lightsync Headset @ HID: /dev/hidraw7
99798 |Info:    [ProfileManager] Profile loading: Succeeded for G502 HERO Gaming Mouse @ HID: /dev/hidraw9 (Receiver) 
Wireless Index: 255
101201|Info:    [ProfileManager] Profile loading: FAILED! for Gigabyte GeForce RTX 3060 Vision OC V3 @ I2C: /dev/i2c-4, address 0x63
101202|Info:    [ProfileManager] Profile loading: FAILED! for ASUS PRIME Z790-P @ HID: /dev/hidraw0
101202|Info:    [ProfileManager] Profile loading: Succeeded for Logitech G915 Wireless RGB Mechanical Gaming Keyboard @ 
101202|Info:    [ProfileManager] Profile loading: FAILED! for Logitech G915 Wireless RGB Mechanical Gaming Keyboard (Wired) @ 
101202|Info:    [ProfileManager] Profile loading: Succeeded for Logitech G933 Lightsync Headset @ HID: /dev/hidraw7
101202|Info:    [ProfileManager] Profile loading: Succeeded for G502 HERO Gaming Mouse @ HID: /dev/hidraw9 (Receiver) 
Wireless Index: 255
175095|Info:    [ResourceManager] Initializing HID interfaces: Success
175095|Info:    ------------------------------------------------------
175095|Info:    |               Start device detection               |
175095|Info:    ------------------------------------------------------
175100|Info:    ------------------------------------------------------
175100|Info:    |             Detecting I2C interfaces               |
175100|Info:    ------------------------------------------------------
175100|Info:    [ResourceManager] Registering I2C interface: /dev/i2c-3 Device 8086:7A23 Subsystem: 1043:8882
175100|Info:    [ResourceManager] Registering I2C interface: /dev/i2c-1 Device 0000:0000 Subsystem: 0000:0000
175100|Info:    [ResourceManager] Registering I2C interface: /dev/i2c-8 Device 10DE:2487 Subsystem: 1458:4073
175100|Info:    [ResourceManager] Registering I2C interface: /dev/i2c-6 Device 10DE:2487 Subsystem: 1458:4073
175100|Info:    [ResourceManager] Registering I2C interface: /dev/i2c-4 Device 10DE:2487 Subsystem: 1458:4073
175100|Info:    [ResourceManager] Registering I2C interface: /dev/i2c-2 Device 0000:0000 Subsystem: 0000:0000
175100|Info:    [ResourceManager] Registering I2C interface: /dev/i2c-0 Device 0000:0000 Subsystem: 0000:0000
175100|Info:    [ResourceManager] Registering I2C interface: /dev/i2c-7 Device 10DE:2487 Subsystem: 1458:4073
175100|Info:    [ResourceManager] Registering I2C interface: /dev/i2c-5 Device 10DE:2487 Subsystem: 1458:4073
175101|Info:    [ResourceManager] Registering I2C interface: /dev/i2c-MSFT8000:00 Device 0000:0000 Subsystem: 0000:0000
175101|Info:    ------------------------------------------------------
175101|Info:    |               Detecting I2C devices                |
175101|Info:    ------------------------------------------------------
185634|Info:    ------------------------------------------------------
185634|Info:    |            Detecting I2C DIMM modules              |
185634|Info:    ------------------------------------------------------
186967|Info:    ------------------------------------------------------
186967|Info:    |               Detecting I2C PCI devices            |
186967|Info:    ------------------------------------------------------
187039|Info:    [Gigabyte GeForce RTX 3060 Vision OC V3] Registering RGB controller
187086|Info:    ------------------------------------------------------
187086|Info:    |               Detecting HID devices                |
187086|Info:    ------------------------------------------------------
187111|Info:    [ASUS PRIME Z790-P] Registering RGB controller
187111|Info:    [Logitech G915 Wireless RGB Mechanical Gaming Keyboard] Registering RGB controller
187112|Info:    [Logitech G915 Wireless RGB Mechanical Gaming Keyboard (Wired)] Registering RGB controller
187112|Info:    [Logitech G933 Lightsync Headset] Registering RGB controller
187500|Info:    [G502 HERO Gaming Mouse] Registering RGB controller
187500|Info:    ------------------------------------------------------
187500|Info:    |            Detecting libusb HID devices            |
187500|Info:    ------------------------------------------------------
187528|Info:    ------------------------------------------------------
187528|Info:    |              Detecting other devices               |
187528|Info:    ------------------------------------------------------
187529|Info:    [ResourceManager] Calling Post-detection callbacks
187529|Info:    ------------------------------------------------------
187529|Info:    |                Detection completed                 |
187529|Info:    ------------------------------------------------------
187529|Dialog:  <h2>Some internal devices may not be detected:</h2><p>One or more I2C or SMBus interfaces failed to initialize.</p><p><b>RGB DRAM modules, some motherboards' onboard RGB lighting, and RGB Graphics Cards, will not be available in OpenRGB</b> without I2C or SMBus.</p><h4>How to fix this:</h4><p>On Linux, this is usually because the i2c-dev module is not loaded.</p><p>You must load the i2c-dev module along with the correct i2c driver for your motherboard. This is usually i2c-piix4 for AMD systems and i2c-i801 for Intel systems.</p><p>See <a href='https://help.openrgb.org/'>help.openrgb.org</a> for additional troubleshooting steps if you keep seeing this message.<br></p><h3>If you are not using internal RGB on a desktop this message is not important to you.</h3>
208469|Info:    [ProfileManager] Found file: default.orp attempting to validate header
208469|Info:    [ProfileManager] Valid v5 profile found for default
208469|Info:    [ProfileManager] Found file: white_fusion.orp attempting to validate header
208469|Info:    [ProfileManager] Valid v4 profile found for white_fusion
239836|Info:    [ProfileManager] Found file: default.orp attempting to validate header
239843|Info:    [ProfileManager] Valid v5 profile found for default
239843|Info:    [ProfileManager] Found file: white_fusion.orp attempting to validate header
239843|Info:    [ProfileManager] Valid v4 profile found for white_fusion
311774|Info:    [ProfileManager] Found file: default.orp attempting to validate header
311775|Info:    [ProfileManager] Valid v5 profile found for default
311775|Info:    [ProfileManager] Found file: white_fusion.orp attempting to validate header
311775|Info:    [ProfileManager] Valid v4 profile found for white_fusion
351394|Info:    [ProfileManager] Found file: default.orp attempting to validate header
351394|Info:    [ProfileManager] Valid v5 profile found for default
351394|Info:    [ProfileManager] Found file: white_fusion.orp attempting to validate header
351394|Info:    [ProfileManager] Valid v5 profile found for white_fusion
391027|Info:    [ProfileManager] Found file: default.orp attempting to validate header
391027|Info:    [ProfileManager] Valid v5 profile found for default
391027|Info:    [ProfileManager] Found file: white_fusion.orp attempting to validate header
391027|Info:    [ProfileManager] Valid v5 profile found for white_fusion
392403|Info:    [ProfileManager] Found file: default.orp attempting to validate header
392403|Info:    [ProfileManager] Valid v5 profile found for default
392403|Info:    [ProfileManager] Found file: white_fusion.orp attempting to validate header
392403|Info:    [ProfileManager] Valid v5 profile found for white_fusion
422425|Info:    [ProfileManager] Found file: default.orp attempting to validate header
422425|Info:    [ProfileManager] Valid v5 profile found for default
422425|Info:    [ProfileManager] Found file: white_fusion.orp attempting to validate header
422425|Info:    [ProfileManager] Valid v5 profile found for white_fusion
422828|Info:    [ProfileManager] Found file: default.orp attempting to validate header
422828|Info:    [ProfileManager] Valid v5 profile found for default
422828|Info:    [ProfileManager] Found file: white_fusion.orp attempting to validate header
422828|Info:    [ProfileManager] Valid v5 profile found for white_fusion
422990|Info:    [ProfileManager] Found file: default.orp attempting to validate header
422990|Info:    [ProfileManager] Valid v5 profile found for default
422990|Info:    [ProfileManager] Found file: white_fusion.orp attempting to validate header
422990|Info:    [ProfileManager] Valid v5 profile found for white_fusion
423165|Info:    [ProfileManager] Found file: default.orp attempting to validate header
423165|Info:    [ProfileManager] Valid v5 profile found for default
423165|Info:    [ProfileManager] Found file: white_fusion.orp attempting to validate header
423165|Info:    [ProfileManager] Valid v5 profile found for white_fusion
423339|Info:    [ProfileManager] Found file: default.orp attempting to validate header
423339|Info:    [ProfileManager] Valid v5 profile found for default
423339|Info:    [ProfileManager] Found file: white_fusion.orp attempting to validate header
423339|Info:    [ProfileManager] Valid v5 profile found for white_fusion
440938|Info:    [ProfileManager] Found file: default.orp attempting to validate header
440938|Info:    [ProfileManager] Valid v5 profile found for default
440938|Info:    [ProfileManager] Found file: white_fusion.orp attempting to validate header
440938|Info:    [ProfileManager] Valid v5 profile found for white_fusion
441116|Info:    [ProfileManager] Found file: default.orp attempting to validate header
441117|Info:    [ProfileManager] Valid v5 profile found for default
441117|Info:    [ProfileManager] Found file: white_fusion.orp attempting to validate header
441117|Info:    [ProfileManager] Valid v5 profile found for white_fusion
