    OpenRGB v0.9+ (1.0rc2)
    Commit:  from 
    Launched: 20251122_130657
====================================================================================================

0     |Info:    [ProfileManager] Found file: default.orp attempting to validate header
0     |Info:    [ProfileManager] Valid v5 profile found for default
0     |Info:    [ProfileManager] Found file: white_fusion.orp attempting to validate header
0     |Info:    [ProfileManager] Valid v5 profile found for white_fusion
52    |Info:    [ResourceManager] Initializing HID interfaces: Success
52    |Info:    ------------------------------------------------------
52    |Info:    |               Start device detection               |
52    |Info:    ------------------------------------------------------
55    |Info:    ------------------------------------------------------
55    |Info:    |             Detecting I2C interfaces               |
55    |Info:    ------------------------------------------------------
60    |Info:    [ResourceManager] Registering I2C interface: /dev/i2c-3 Device 8086:7A23 Subsystem: 1043:8882
60    |Info:    [ResourceManager] Registering I2C interface: /dev/i2c-1 Device 0000:0000 Subsystem: 0000:0000
60    |Info:    [ResourceManager] Registering I2C interface: /dev/i2c-8 Device 10DE:2487 Subsystem: 1458:4073
60    |Info:    [ResourceManager] Registering I2C interface: /dev/i2c-6 Device 10DE:2487 Subsystem: 1458:4073
60    |Info:    [ResourceManager] Registering I2C interface: /dev/i2c-4 Device 10DE:2487 Subsystem: 1458:4073
61    |Info:    [ResourceManager] Registering I2C interface: /dev/i2c-2 Device 0000:0000 Subsystem: 0000:0000
61    |Info:    [ResourceManager] Registering I2C interface: /dev/i2c-0 Device 0000:0000 Subsystem: 0000:0000
61    |Info:    [ResourceManager] Registering I2C interface: /dev/i2c-7 Device 10DE:2487 Subsystem: 1458:4073
61    |Info:    [ResourceManager] Registering I2C interface: /dev/i2c-5 Device 10DE:2487 Subsystem: 1458:4073
61    |Info:    [ResourceManager] Registering I2C interface: /dev/i2c-MSFT8000:00 Device 0000:0000 Subsystem: 0000:0000
61    |Info:    ------------------------------------------------------
61    |Info:    |               Detecting I2C devices                |
61    |Info:    ------------------------------------------------------
8714  |Info:    ------------------------------------------------------
8714  |Info:    |            Detecting I2C DIMM modules              |
8714  |Info:    ------------------------------------------------------
8914  |Info:    [ResourceManager] Detected occupied slot 2, bus 0, type Key: I
8956  |Info:    [ResourceManager] Detected occupied slot 4, bus 0, type Key: I
8956  |Info:    ------------------------------------------------------
8956  |Info:    |               Detecting I2C PCI devices            |
8956  |Info:    ------------------------------------------------------
9212  |Info:    [Gigabyte GeForce RTX 3060 Vision OC V3] Registering RGB controller
9255  |Info:    ------------------------------------------------------
9255  |Info:    |               Detecting HID devices                |
9255  |Info:    ------------------------------------------------------
9255  |Info:    [Logitech G915 Wireless RGB Mechanical Gaming Keyboard] Registering RGB controller
9280  |Info:    [ASUS PRIME Z790-P] Registering RGB controller
9280  |Info:    ------------------------------------------------------
9280  |Info:    |            Detecting libusb HID devices            |
9280  |Info:    ------------------------------------------------------
9293  |Info:    ------------------------------------------------------
9293  |Info:    |              Detecting other devices               |
9293  |Info:    ------------------------------------------------------
9302  |Info:    [ResourceManager] Calling Post-detection callbacks
9302  |Info:    ------------------------------------------------------
9302  |Info:    |                Detection completed                 |
9302  |Info:    ------------------------------------------------------
9302  |Dialog:  <h2>Some internal devices may not be detected:</h2><p>One or more I2C or SMBus interfaces failed to initialize.</p><p><b>RGB DRAM modules, some motherboards' onboard RGB lighting, and RGB Graphics Cards, will not be available in OpenRGB</b> without I2C or SMBus.</p><h4>How to fix this:</h4><p>On Linux, this is usually because the i2c-dev module is not loaded.</p><p>You must load the i2c-dev module along with the correct i2c driver for your motherboard. This is usually i2c-piix4 for AMD systems and i2c-i801 for Intel systems.</p><p>See <a href='https://help.openrgb.org/'>help.openrgb.org</a> for additional troubleshooting steps if you keep seeing this message.<br></p><h3>If you are not using internal RGB on a desktop this message is not important to you.</h3>
13867 |Info:    [ProfileManager] Profile loading: Succeeded for Gigabyte GeForce RTX 3060 Vision OC V3 @ I2C: /dev/i2c-4, address 0x63
13867 |Info:    [ProfileManager] Profile loading: Succeeded for Logitech G915 Wireless RGB Mechanical Gaming Keyboard @ 
13867 |Info:    [ProfileManager] Profile loading: Succeeded for ASUS PRIME Z790-P @ HID: /dev/hidraw1
