    OpenRGB v0.9
    Commit:  from 
    Launched: 20250410_142100
====================================================================================================

0     |Info:    Found file: default.orp attempting to validate header
0     |Info:    Valid v4 profile found for default
0     |Info:    Found file: white_fusion.orp attempting to validate header
0     |Info:    Valid v4 profile found for white_fusion
1002  |Info:    ------------------------------------------------------
1002  |Info:    |               Start device detection               |
1002  |Info:    ------------------------------------------------------
1002  |Info:    Initializing HID interfaces: Success
1007  |Info:    ------------------------------------------------------
1007  |Info:    |             Detecting I2C interfaces               |
1007  |Info:    ------------------------------------------------------
1007  |Info:    Registering I2C interface: /dev/i2c-3 Device 0000:0000 Subsystem: 0000:0000
1007  |Info:    Registering I2C interface: /dev/i2c-1 Device 0000:0000 Subsystem: 0000:0000
1007  |Info:    Registering I2C interface: /dev/i2c-8 Device 10DE:2487 Subsystem: 1458:4073
1007  |Info:    Registering I2C interface: /dev/i2c-6 Device 10DE:2487 Subsystem: 1458:4073
1007  |Info:    Registering I2C interface: /dev/i2c-4 Device 10DE:2487 Subsystem: 1458:4073
1007  |Info:    Registering I2C interface: /dev/i2c-2 Device 0000:0000 Subsystem: 0000:0000
1007  |Info:    Registering I2C interface: /dev/i2c-0 Device 8086:7A23 Subsystem: 1043:8882
1007  |Info:    Registering I2C interface: /dev/i2c-7 Device 10DE:2487 Subsystem: 1458:4073
1007  |Info:    Registering I2C interface: /dev/i2c-5 Device 10DE:2487 Subsystem: 1458:4073
1007  |Info:    Registering I2C interface: /dev/i2c-MSFT8000:00 Device 0000:0000 Subsystem: 0000:0000
1007  |Info:    ------------------------------------------------------
1007  |Info:    |               Detecting I2C devices                |
1007  |Info:    ------------------------------------------------------
10389 |Info:    ------------------------------------------------------
10389 |Info:    |               Detecting I2C PCI devices            |
10389 |Info:    ------------------------------------------------------
10448 |Info:    [Gigabyte RTX3060 Vision OC 12G v3.0] Registering RGB controller
10491 |Info:    ------------------------------------------------------
10491 |Info:    |               Detecting HID devices                |
10491 |Info:    ------------------------------------------------------
10564 |Info:    [ASUS PRIME Z790-P] Registering RGB controller
10616 |Info:    [Logitech G915 Wireless RGB Mechanical Gaming Keyboard] Registering RGB controller
10616 |Info:    [Logitech G933 Lightsync Headset] Registering RGB controller
11003 |Info:    [G502 HERO Gaming Mouse] Registering RGB controller
11003 |Info:    ------------------------------------------------------
11003 |Info:    |            Detecting libusb HID devices            |
11003 |Info:    ------------------------------------------------------
11024 |Info:    ------------------------------------------------------
11025 |Info:    |              Detecting other devices               |
11025 |Info:    ------------------------------------------------------
11028 |Info:    ------------------------------------------------------
11028 |Info:    |                Detection completed                 |
11028 |Info:    ------------------------------------------------------
11028 |Dialog:  <h2>WARNING:</h2><p>One or more I2C/SMBus interfaces failed to initialize.</p><p>RGB DRAM modules and some motherboards' onboard RGB lighting will not be available without I2C/SMBus.</p><p>On Linux, this is usually because the i2c-dev module is not loaded.  You must load the i2c-dev module along with the correct i2c driver for your motherboard.  This is usually i2c-piix4 for AMD systems and i2c-i801 for Intel systems.</p><p>See <a href='https://help.openrgb.org/'>help.openrgb.org</a> for additional troubleshooting steps if you keep seeing this message.<br></p>
11028 |Info:    Profile loading: Succeeded for Gigabyte RTX3060 Vision OC 12G v3.0 @ I2C: /dev/i2c-4, address 0x63
11028 |Info:    Profile loading: Succeeded for ASUS PRIME Z790-P @ HID: /dev/hidraw1
11028 |Info:    Profile loading: Succeeded for Logitech G915 Wireless RGB Mechanical Gaming Keyboard @ 
11028 |Info:    Profile loading: Succeeded for Logitech G933 Lightsync Headset @ HID: /dev/hidraw5
11028 |Info:    Profile loading: Succeeded for G502 HERO Gaming Mouse @ HID: /dev/hidraw7 (Receiver) 
Wireless Index: 255
